0.103835
0.243903
0.321346
0.470049
0.586027
0.660397
0.714669
0.87723
1.00595
1.02033
1.18481
1.34257
1.36347
1.36413
1.48943
1.5113
1.54617
1.72434
1.9254
1.93146
1.95092
1.95443
1.98209
2.03181
2.06758
2.10093
2.10302
2.22872
2.30611
2.30911
2.70867
2.73485
2.75394
2.80492
2.8316
2.87334
2.8819
3.01394
3.07285
3.179
3.2434
3.30999
3.50544
3.54001
3.5757
3.77861
3.92996
4.03241
4.06087
4.06518
4.1327
4.19816
4.30839
4.75149
4.7927
4.87022
4.92152
4.93973
4.9416
4.98351
5.04508
5.15003
5.36478
5.42922
5.43809
5.57015
5.62067
5.73026
5.91148
5.92302
6.15585
6.25264
6.28001
6.35032
6.4186
6.50137
6.52851
7.19712
7.19951
7.22286
7.33785
7.351
7.48032
7.49569
7.61608
7.7144
7.94801
8.15279
8.17309
8.2763
8.32157
8.34316
8.88455
8.9306
9.08259
9.19549
9.28329
9.37965
9.49268
9.95232
9.96794
9.99851
10.4108
10.6734
10.7667
10.7726
10.9068
10.9246
11.0792
11.1144
11.1537
11.2084
11.2786
11.6802
11.7246
11.7402
12.0403
12.2817
12.3601
12.5452
12.5797
12.7707
12.8338
12.974
13.0213
13.2067
13.5739
13.6053
13.6187
13.7694
13.7981
13.8233
13.8648
14.0401
14.1596
14.1731
14.2296
14.2439
14.3597
14.3648
14.383
14.3839
14.4876
14.5205
14.5442
14.6306
15.0485
15.0605
15.1299
15.1658
15.3822
15.5563
15.5598
15.5903
15.7047
15.7255
15.8801
16.0926
16.1785
16.1804
16.2938
16.427
16.7636
16.9156
17.2759
17.6547
17.6654
17.8876
17.9324
17.9646
17.9653
18.0124
18.2529
18.306
18.4306
18.7945
18.8209
18.8433
18.96
19.0095
19.0882
19.1337
19.1499
19.1602
19.2348
19.4858
19.7449
19.75
19.7647
19.7649
19.8376
19.9225
19.9728
19.9854
20.09
20.1594
20.2903
20.4117
20.5779
20.5786
20.6528
20.6852
20.788
20.7949
20.9243
21.0334
21.0414
21.1178
21.2274
21.2643
21.4251
21.5035
21.7323
21.7604
21.8523
22.026
22.2459
22.2861
22.34
22.3983
22.4441
22.6777
22.8281
22.859
22.9473
23.2272
23.3904
23.5109
23.6792
23.6798
23.6828
23.7053
23.8213
23.8335
23.8709
23.9917
24.0778
24.3862
24.7067
24.7419
24.9685
24.9783
25.1285
25.2099
25.2698
25.3352
25.4404
25.5908
25.5919
25.8808
25.8926
26.1017
26.1236
26.1321
26.1649
26.2792
26.3849
26.6881
26.7563
26.9378
26.9818
27.2691
27.3053
27.3059
27.5434
27.6608
27.6637
27.7587
27.8129
27.9258
27.9475
28.2071
28.2622
28.2821
28.3689
28.3804
28.3987
28.5732
28.6348
28.6846
28.8343
29.2041
29.5069
29.5733
29.9188
29.9352
29.975
30.0314
30.1929
30.2123
30.2443
30.2668
30.3584
30.3692
30.431
30.6032
30.6077
30.7207
30.8081
30.9774
31.0028
31.0546
31.0563
31.2179
31.3551
31.3827
31.3987
31.4264
31.4529
31.6561
31.799
31.9224
31.9338
32.0118
32.1579
32.1887
32.3358
32.387
32.5559
32.5836
32.595
32.6047
32.6159
32.6573
32.6694
32.6722
32.735
32.8005
33.1709
33.1943
33.4417
33.4549
33.4991
33.5509
33.576
33.6042
33.9345
34.0833
34.332
34.3419
34.3633
34.3917
34.6164
34.8787
34.8994
34.9836
35.0511
35.0726
35.0751
35.0953
35.0975
35.1665
35.1784
35.2419
35.4077
35.4612
35.5943
35.6521
35.7692
35.795
35.9456
36.0409
36.2393
36.3009
36.4368
36.6381
36.7054
36.7827
36.8309
37.0144
37.1268
37.1552
37.256
37.261
37.3022
37.3334
37.3386
37.3478
37.4517
37.4835
37.5105
37.6927
37.965
38.0041
38.1033
38.1267
38.5224
38.5266
38.5385
38.5898
38.8944
39.4915
39.5284
39.5499
39.9382
40.258
40.2595
40.2873
40.3657
40.4961
40.5879
40.5886
40.6118
40.6273
40.7666
41.2228
41.2747
41.2986
41.3672
41.4314
41.5399
41.7263
41.7588
41.9101
41.9812
41.9913
42.0012
42.071
42.1164
42.1257
42.147
42.1517
42.3221
42.4198
42.4355
42.6079
42.6756
42.6907
42.7612
42.8234
42.8773
42.9109
43.1418
43.1835
43.2026
43.2633
43.2843
43.3132
43.4537
43.4895
43.5462
43.7496
43.7698
44.1669
44.3666
44.3809
44.7467
44.7521
44.9124
45.0418
45.0482
45.0711
45.1526
45.1972
45.2357
45.3385
45.391
45.5485
45.6368
46.0407
46.0428
46.0589
46.0807
46.1161
46.4648
46.5784
46.6938
46.8176
46.818
46.849
47.1415
47.1817
47.2036
47.2319
47.2832
47.3367
47.4301
47.5028
47.5381
47.5855
47.6236
47.7049
47.8349
47.9868
48.1365
48.1471
48.1478
48.2328
48.349
48.4425
48.6889
48.7847
48.7986
48.9121
48.938
49.1139
49.1735
49.5165
49.6046
49.6255
49.6458
49.6567
49.7509
49.7532
49.9016
50.0015
50.0148
50.1094
50.1669
50.4206
50.4489
50.7689
50.8105
50.9921
51.0229
51.0519
51.0576
51.1657
51.5104
51.5937
51.5984
51.6473
51.7247
51.7508
51.8113
51.8685
52.4383
52.6138
52.6293
52.7047
52.8386
53.2206
53.3734
53.4088
53.5025
53.5231
53.6078
53.6204
53.687
53.8934
54.1387
54.1955
54.3183
54.4394
54.5229
54.6451
54.7559
54.9483
54.9743
55.022
55.0679
55.2297
55.2776
55.3204
55.3506
55.3785
55.4703
55.4996
55.5678
55.5694
55.6413
55.796
55.867
56.0051
56.1415
56.2525
56.5037
56.5574
56.5981
56.7333
56.775
56.7816
56.8199
57.2364
57.4751
57.7086
57.7743
57.7909
57.8105
57.986
58.0226
58.1705
58.2013
58.2491
58.3822
58.5402
58.656
58.7314
58.7837
59.1017
59.3487
59.4633
59.5333
59.6599
59.9607
60.0541
60.1126
60.3722
60.7018
60.9189
60.9802
61.1399
61.2096
61.4527
61.4545
61.8917
62.0634
62.1997
62.2967
62.3402
62.401
62.4544
62.4768
62.5109
62.6696
62.8164
62.8471
62.8935
62.8974
62.925
62.9313
63.3865
63.395
63.3988
63.4666
63.4974
63.6078
63.6125
63.7305
63.8368
63.9946
64.0147
64.0316
64.094
64.108
64.2676
64.5149
64.5421
64.5589
64.6037
64.6595
64.7541
64.7828
64.7921
64.8853
64.9582
64.9619
64.9751
64.9885
65.0717
65.3245
65.3342
65.3686
65.3799
65.5243
65.5302
65.6249
65.6752
65.7059
65.7152
65.785
65.8402
66.0879
66.2985
66.3704
66.405
66.462
66.4915
66.8537
67.3453
67.3583
67.4965
67.5172
67.585
67.6026
67.6365
67.6636
67.6815
67.7678
67.7723
67.7946
67.857
68.082
68.1981
68.453
68.6452
68.7227
68.7583
68.7886
68.8341
68.8949
69.0022
69.0151
69.2318
69.2968
69.3102
69.712
69.771
69.8115
69.8827
70.2502
70.3298
70.4029
70.7007
70.7058
70.881
70.9007
70.9424
71.0187
71.1936
71.6387
71.7226
71.9854
72.0481
72.3519
72.5427
72.5796
72.6621
72.715
72.7346
72.7852
72.9102
73.1036
73.1334
73.2026
73.2531
73.3727
73.4243
73.4537
73.6432
73.7377
73.7699
73.8555
73.8906
73.9733
74.0184
74.1209
74.1798
74.3773
74.5137
74.7522
74.8322
74.8583
74.9945
75.1915
75.2077
75.321
75.3347
75.3418
75.3998
75.6617
75.797
76.0141
76.1137
76.2386
76.3072
76.3092
76.5556
76.5806
76.5928
76.6536
76.6716
76.7244
77.0291
77.0736
77.122
77.3705
77.4539
77.8357
77.9815
78.2016
78.722
78.9572
78.9972
79.0011
79.0548
79.1015
79.1051
79.1723
79.3305
79.3384
79.4044
79.4314
79.4661
79.5236
79.5468
79.6684
79.783
79.7949
79.9298
80.0367
80.0384
80.15
80.1944
80.3876
80.3891
80.4726
80.5061
80.563
80.636
80.7696
80.9155
80.9612
80.9804
81.0784
81.1768
81.3578
81.6697
81.7928
81.81
81.8962
81.9535
81.9537
82.0647
82.1285
82.3275
82.3598
82.4997
82.5334
82.5825
82.7496
83.1346
83.2884
83.493
83.7214
83.9021
84.0635
84.1608
84.1979
84.2237
84.2696
84.4368
84.6088
84.8484
85.0125
85.3592
85.4276
85.5081
85.6251
85.6259
85.7943
85.8575
85.9478
86.3042
86.3202
86.3326
86.4076
86.4235
86.5022
86.5094
86.5799
86.7183
86.7342
86.7397
86.8637
86.9241
87.198
87.2213
87.2391
87.3522
87.3649
87.4481
87.506
87.5286
87.5703
87.5914
87.6165
87.8575
88.2245
88.3551
88.3714
88.3794
88.4985
88.5058
88.5489
88.6645
88.688
88.8221
88.8271
89.0774
89.2117
89.2579
89.2728
89.2993
89.3731
89.4423
89.628
89.6945
89.8706
89.9091
89.9506
89.9629
90.1266
90.1719
90.1996
90.2724
90.3935
90.4637
90.4816
90.5434
90.7694
90.7773
90.8897
90.9593
91.1351
91.1793
91.236
91.4795
91.6226
91.7259
92.2678
92.2912
92.3181
92.3923
92.498
92.5438
93.1937
93.2169
93.2234
93.2778
93.6106
93.6401
93.6438
93.7514
93.8945
93.9583
94.128
94.2628
94.3479
94.4905
94.5403
94.5404
94.6733
94.7012
94.8863
94.8882
94.9381
95.0569
95.0734
95.2766
95.4734
95.5489
95.7746
95.8575
95.9218
96.0013
96.0501
96.0545
96.068
96.071
96.1889
96.1945
96.2006
96.2143
96.2257
96.2361
96.2633
96.27
96.5957
96.9755
97.0127
97.0631
97.2265
97.5734
97.5939
97.663
97.7308
97.7349
97.7476
97.8607
97.9621
98.0467
98.074
98.1805
98.31
98.5027
98.609
98.673
98.733
98.8119
98.8552
98.9404
99.0661
99.1026
99.1166
99.1365
99.1841
99.2786
99.2794
99.2939
99.3084
99.3119
99.3888
99.4618
99.4858
99.4913
99.575
99.6611
99.8517
99.9535
