0.0557636
0.382229
0.0140702
0.121747
0.264048
0.409581
0.543468
0.726505
0.768593
0.934747
0.969867
0.983914
1.04468
1.56629
1.57608
1.58535
1.74143
1.85551
1.87905
1.71758
1.92565
2.12888
2.17305
2.23104
2.24167
2.43542
2.46039
2.46701
2.52486
2.58664
2.61316
2.92372
3.14553
3.1568
3.15731
3.22157
3.29358
3.32948
3.41999
3.49797
3.61521
0.237642
0.635499
3.11551
3.71779
3.72515
4.04891
4.20361
4.33365
4.36219
4.41647
4.44098
4.4626
4.59431
4.73091
4.76313
4.7944
4.83171
4.84423
5.01206
5.1835
5.21555
5.30107
5.35648
5.43105
5.60719
5.71965
5.94513
5.97015
5.98743
6.08173
6.11734
6.1569
6.23117
6.31492
6.34938
6.36068
6.4719
6.4928
6.70313
6.76336
6.89915
6.93582
7.04669
7.20827
7.26151
7.339
7.35864
7.68055
7.39877
7.73373
7.83883
7.86471
8.108
8.15576
8.22598
8.27142
8.31265
8.31465
8.59247
8.61036
8.65894
8.7493
8.80748
8.84831
8.88086
9.06511
9.1319
9.30704
9.61837
9.64902
9.67315
9.72612
9.79977
9.88992
9.93362
10.1858
10.2249
10.5667
10.6743
10.698
10.7735
11.1106
11.3656
11.2517
11.4829
11.499
11.5108
11.6189
11.6305
11.7273
11.7605
12.0054
12.1625
12.1713
12.2422
12.2524
12.4192
12.4464
12.6122
12.8992
12.9619
13.2125
13.2663
13.2746
13.2991
13.4174
13.4767
13.5921
13.6611
13.8763
13.889
13.9519
13.9674
14.0199
14.0713
14.0864
14.1067
14.159
14.2659
14.4189
14.4561
14.489
14.5165
14.5325
14.7812
14.7812
14.8321
14.8408
14.8479
14.858
14.884
15.0519
15.0983
15.198
15.4956
15.5122
15.6335
15.7675
15.8408
16.0303
16.125
16.1503
16.2847
16.5363
16.5424
16.7632
16.7684
16.7877
17.0306
17.0402
17.2384
17.2575
17.4054
17.4177
17.5996
17.7037
17.7823
17.8061
17.8283
17.8732
17.9203
18.2227
18.5024
18.9318
19.0652
19.5821
19.61
19.7747
19.7908
19.8997
20.084
20.3533
20.4844
20.5134
20.5289
20.8682
21.1449
21.1654
21.2356
21.298
21.5358
21.6138
21.6154
21.7874
21.7944
21.9031
21.9395
21.9731
22.0367
22.2323
22.2882
22.3291
22.3526
22.4733
22.7227
22.8266
22.883
22.9506
23.1047
23.4221
23.4348
23.4423
23.6023
23.6798
23.7051
23.7454
23.8379
24.1313
24.3033
24.4476
24.4576
24.4713
24.496
24.5935
24.6486
24.693
24.8729
24.9196
24.9575
25.0357
25.3035
25.3407
25.4632
25.5315
25.5595
25.6953
25.7225
25.8884
25.9079
25.9253
25.9506
25.9648
26.0319
26.1532
26.208
26.4956
26.5055
26.7525
26.883
26.9105
26.9115
26.9739
27.049
27.2966
27.4457
27.5644
27.7214
27.8274
28.1014
28.2585
28.4885
28.5429
28.549
28.5788
28.5837
28.6882
28.7854
29.0684
29.1375
29.4285
29.5703
29.6508
29.6634
29.7588
29.8285
29.9454
30.2732
30.3517
30.5231
30.6697
30.6908
30.7102
30.7284
30.9272
31.0977
31.2994
31.3828
31.7161
31.776
31.7981
31.9754
32.0748
32.0956
32.2722
32.4097
32.5477
32.5666
32.6092
32.6278
32.6468
32.6765
32.677
32.7217
32.7805
32.8254
32.923
33.0806
33.2418
33.314
33.4313
33.5484
33.5919
33.6375
33.7623
33.8821
33.9685
33.9764
34.1225
34.1457
34.2081
34.2193
34.4557
34.7927
34.8268
34.8986
35.0099
35.1667
35.1685
35.1773
35.2013
35.2081
35.3274
35.3783
35.5234
35.5257
35.5373
35.5848
35.7306
35.8801
35.8881
35.961
36.0657
36.115
36.2248
36.2583
36.4106
36.4487
36.4959
36.5101
36.6023
36.7785
37.0589
37.0938
37.0992
37.4758
37.4868
37.6185
37.6618
37.694
37.7515
37.9415
38.1343
38.2344
38.3419
38.508
38.6519
38.6913
38.8027
38.8105
38.9582
38.9925
39.0587
39.0886
39.2684
39.269
39.2722
39.2831
39.3122
39.3571
39.5045
39.5163
39.5422
39.6257
39.6846
39.7123
39.7617
39.7986
39.8983
39.9475
40.0041
40.1218
40.3972
40.5685
40.5722
40.762
40.8026
40.837
40.8477
40.8995
40.9209
40.9664
41.2242
41.4627
41.5001
41.5451
41.6243
41.7617
42.158
42.1692
42.202
42.2722
42.5064
42.7624
43.19
43.4767
43.4852
43.497
43.5536
43.5885
43.763
43.9261
44.043
44.0625
44.073
44.1822
44.2638
44.2719
44.4092
44.4535
44.4933
44.5744
44.7201
44.7595
44.7674
44.9805
45.0163
45.065
45.1325
45.2312
45.3318
45.657
45.7871
45.8979
45.9468
45.973
46.0403
46.1104
46.1671
46.2308
46.24
46.3166
46.5002
46.685
46.8298
46.9262
47.0409
47.2773
47.3938
47.4808
47.6348
47.6418
47.728
47.7418
47.7902
12.9761
47.8712
47.9831
48.01
48.1698
48.3159
48.5981
48.6043
48.6437
48.6624
48.7103
48.8652
49.0194
49.3436
49.3561
49.3887
49.4467
49.4895
49.4934
49.5441
49.6929
49.926
50.0074
50.0187
50.3917
50.5157
50.7626
50.786
50.9368
50.9429
50.9754
51.2679
51.2861
51.353
51.6009
51.661
51.6994
51.7041
51.8085
51.8876
51.9187
52.0404
52.1218
52.2051
52.3051
52.383
52.3997
52.4144
52.7167
52.7475
52.7885
53.069
53.1329
53.3638
53.3868
53.4218
53.8663
53.9127
53.9894
54.1277
54.1562
54.1582
54.5049
54.5855
54.6451
54.827
54.844
54.845
55.0933
55.1114
55.1116
55.1618
55.4603
55.5075
55.5157
55.5917
55.8213
56.1084
56.1263
56.1404
56.1563
56.2186
56.5415
56.8251
56.8625
56.9964
57.2665
57.6545
57.9105
57.9669
57.9933
58.3761
58.5412
58.58
58.7635
58.7991
59.0464
59.0768
59.2771
59.2806
59.3846
59.4014
59.4994
59.5104
59.5305
59.7244
59.7686
59.869
59.9082
59.9426
59.9687
59.9692
60.3046
60.4061
60.5561
60.8651
61.0125
61.0406
61.1863
61.2288
61.2534
61.2627
61.3096
61.4255
61.4422
61.4744
61.6043
61.6117
61.6265
61.6845
61.7068
61.8026
61.9201
61.988
62.0213
62.248
62.315
62.3329
62.4714
62.5015
62.5788
62.8033
62.8235
62.9641
63.1186
63.3443
63.6232
63.7776
63.7997
63.8263
63.8601
63.8651
63.9217
63.9907
64.0243
64.0304
64.2682
64.2902
64.2957
64.4194
64.6742
64.7653
64.8752
64.917
64.9674
65.1045
65.1256
65.2626
65.284
65.3072
65.4063
65.5764
65.6101
65.7457
65.8028
65.8726
65.8969
66.1585
66.2135
66.296
66.4284
66.5371
66.8714
67.0773
67.2176
67.2711
67.3659
67.5188
67.6288
67.7116
67.9262
68.0532
68.1093
68.1151
68.118
68.2407
68.3426
68.3514
68.3659
68.4122
68.4242
68.4602
68.4692
68.5284
68.5902
68.6785
69.0737
69.1439
69.2785
69.3665
69.6716
69.8195
69.8459
69.873
69.9156
69.9393
70.0366
70.0845
70.1025
70.1119
70.2543
70.4329
70.5386
70.557
70.5922
70.7099
70.711
70.7181
70.7918
71.1524
71.2753
71.3428
71.4019
71.5174
71.9473
72.0108
72.0205
72.1537
72.2561
72.4069
72.4675
72.683
72.954
73.0303
73.0975
73.1566
73.2357
73.3491
73.4361
73.7139
73.926
74.1432
74.1481
74.3367
74.5018
74.5809
74.6565
74.7303
74.9481
74.9594
75.0325
75.2942
75.596
75.6272
75.7709
75.7909
75.8558
76.1623
76.2541
76.4475
76.5907
76.6711
76.7223
76.8019
76.8342
76.8841
77.0882
77.1535
77.7836
77.8209
77.875
78.0468
78.2375
78.2803
78.3281
78.4224
78.4877
78.5244
78.871
78.8865
78.8892
79.0248
79.0366
79.0534
79.0593
79.2871
79.3539
79.4546
79.4886
79.6706
79.6924
79.7972
79.9448
80.0205
80.061
80.108
80.188
80.2076
80.2472
80.2564
80.2595
80.3169
80.3415
80.3657
80.3801
80.5977
80.761
80.7787
80.8474
80.9119
80.9477
80.9999
81.0675
81.2627
81.268
81.3153
81.4823
81.4875
81.4896
81.5115
81.8252
81.8714
81.9663
82.0922
82.2193
82.2552
82.3992
82.4025
82.5774
82.5939
82.7029
82.853
83.0331
83.1995
83.3214
83.3387
83.5229
83.6718
83.7077
83.7258
83.7947
83.8089
83.8777
83.8877
83.9882
84.2162
84.2738
84.3712
84.4427
84.4671
84.6822
84.7837
84.8584
84.8835
85.1345
85.2333
85.2852
85.3
85.3175
85.3736
85.5653
85.7464
85.7889
86.1817
86.2039
86.3375
86.3904
86.4406
86.5815
86.629
86.7986
86.8478
86.8582
86.8639
86.9266
86.9864
87.1804
87.2102
87.2594
87.2638
87.3278
87.3559
87.4275
87.4306
87.5878
87.7137
88.1019
88.1423
88.2468
88.3998
88.4131
88.537
88.6548
88.7346
88.8136
88.8852
88.9113
88.9142
89.2443
89.3433
89.5436
89.6499
89.6566
89.8198
89.9652
90.0053
90.3861
90.4197
90.6144
90.6436
90.7281
90.9261
90.9309
90.9746
90.9973
91.0866
91.1325
91.2467
91.2929
91.3585
91.6868
91.6962
91.7747
91.8415
91.8874
91.8998
92.0454
92.1768
92.286
92.3024
92.4046
92.5089
92.6304
92.6902
92.7131
92.7382
92.7466
92.8001
92.9021
93.4889
93.5627
93.5772
93.8017
93.96
94.0089
94.0152
94.1052
94.1499
94.384
94.5151
94.5872
94.6716
94.9222
94.9319
95.1204
95.1558
95.245
95.3089
95.4215
95.6796
96.1395
96.1501
96.27
96.391
96.3916
96.4612
96.7046
96.5507
96.9837
97.2341
97.2482
97.4304
97.7315
97.756
98.0176
98.1638
98.215
98.2634
98.3102
98.3214
98.4158
98.4241
98.4394
98.4809
98.96
99.0074
99.033
99.0606
99.2538
99.4563
99.5685
99.5288
99.8057
99.826
99.9494
